<?xml version="1.0" encoding="UTF-8"?>
<testng-results ignored="0" total="1" passed="1" failed="0" skipped="0">
  <reporter-output>
    <line>
      <![CDATA[chrome is runnig]]>
    </line>
    <line>
      <![CDATA[Success]]>
    </line>
  </reporter-output>
  <suite started-at="2021-08-29T22:01:20 EDT" name="testRunner" finished-at="2021-08-29T22:01:23 EDT" duration-ms="2447">
    <groups>
    </groups>
    <test started-at="2021-08-29T22:01:20 EDT" name="LoginTest" finished-at="2021-08-29T22:01:23 EDT" duration-ms="2447">
      <class name="com.test.LoginTest">
        <test-method is-config="true" signature="getData()[pri:0, instance:com.test.LoginTest@27ff5d15]" started-at="2021-08-29T22:01:20 EDT" name="getData" finished-at="2021-08-29T22:01:20 EDT" duration-ms="4" status="PASS">
          <reporter-output>
          </reporter-output>
        </test-method> <!-- getData -->
        <test-method is-config="true" signature="startBrowser()[pri:0, instance:com.test.LoginTest@27ff5d15]" started-at="2021-08-29T22:01:20 EDT" name="startBrowser" finished-at="2021-08-29T22:01:22 EDT" duration-ms="1377" status="PASS">
          <reporter-output>
            <line>
              <![CDATA[chrome is runnig]]>
            </line>
          </reporter-output>
        </test-method> <!-- startBrowser -->
        <test-method signature="loginTest(java.lang.String,java.lang.String)[pri:0, instance:com.test.LoginTest@27ff5d15]" started-at="2021-08-29T22:01:22 EDT" name="loginTest" data-provider="loginData" finished-at="2021-08-29T22:01:23 EDT" duration-ms="982" status="PASS">
          <params>
            <param index="0">
              <value>
                <![CDATA[Admin]]>
              </value>
            </param>
            <param index="1">
              <value>
                <![CDATA[admin123]]>
              </value>
            </param>
          </params>
          <reporter-output>
          </reporter-output>
        </test-method> <!-- loginTest -->
        <test-method is-config="true" signature="getResult(org.testng.ITestResult)[pri:0, instance:com.test.LoginTest@27ff5d15]" started-at="2021-08-29T22:01:23 EDT" name="getResult" finished-at="2021-08-29T22:01:23 EDT" duration-ms="1" status="PASS">
          <params>
            <param index="0">
              <value>
                <![CDATA[[TestResult name=loginTest status=SUCCESS method=LoginTest.loginTest(java.lang.String,java.lang.String)[pri:0, instance:com.test.LoginTest@27ff5d15] output={null}]]]>
              </value>
            </param>
          </params>
          <reporter-output>
            <line>
              <![CDATA[Success]]>
            </line>
          </reporter-output>
        </test-method> <!-- getResult -->
        <test-method is-config="true" signature="tearDown()[pri:0, instance:com.test.LoginTest@27ff5d15]" started-at="2021-08-29T22:01:23 EDT" name="tearDown" finished-at="2021-08-29T22:01:23 EDT" duration-ms="60" status="PASS">
          <reporter-output>
          </reporter-output>
        </test-method> <!-- tearDown -->
      </class> <!-- com.test.LoginTest -->
    </test> <!-- LoginTest -->
  </suite> <!-- testRunner -->
</testng-results>
